  MiniginPCH.cpp
  AnimationClip.cpp
  Animator.cpp
  BaseComponent.cpp
  BaseGame.cpp
  BinaryReader.cpp
  BinaryWriter.cpp
  BoxColliderComponent.cpp
  CircleColliderComponent.cpp
  ColliderComponent.cpp
  Command.cpp
  ControllerComponent.cpp
  Debug.cpp
  DebugRenderer.cpp
  Font.cpp
  FPSComponent.cpp
  GameObject.cpp
  InputManager.cpp
  InputMap.cpp
  MaterialManager.cpp
  Minigin.cpp
  Compiling...
  PlatformColliderComponent.cpp
  RenderComponent.cpp
  Renderer.cpp
  ResourceManager.cpp
  RigidbodyComponent.cpp
  Scene.cpp
  SceneManager.cpp
  ServiceLocator.cpp
  SoundManager.cpp
  SpriteComponent.cpp
  Structs.cpp
  TextComponent.cpp
  TextObject.cpp
  Texture2D.cpp
  Time.cpp
  Timer.cpp
  TransformComponent.cpp
  Minigin.vcxproj -> D:\Silke\DAE\Semester2\DivineEngine\Win32\Release\Minigin.lib
  D:\Silke\DAE\Semester2\DivineEngine\3rdParty\SDL2\lib\x86\SDL2.dll
  1 File(s) copied
  D:\Silke\DAE\Semester2\DivineEngine\3rdParty\SDL2_image\lib\x86\libjpeg-9.dll
  D:\Silke\DAE\Semester2\DivineEngine\3rdParty\SDL2_image\lib\x86\libpng16-16.dll
  D:\Silke\DAE\Semester2\DivineEngine\3rdParty\SDL2_image\lib\x86\libtiff-5.dll
  D:\Silke\DAE\Semester2\DivineEngine\3rdParty\SDL2_image\lib\x86\libwebp-7.dll
  D:\Silke\DAE\Semester2\DivineEngine\3rdParty\SDL2_image\lib\x86\SDL2_image.dll
  D:\Silke\DAE\Semester2\DivineEngine\3rdParty\SDL2_image\lib\x86\zlib1.dll
  6 File(s) copied
  D:\Silke\DAE\Semester2\DivineEngine\3rdParty\SDL2_ttf\lib\x86\libfreetype-6.dll
  D:\Silke\DAE\Semester2\DivineEngine\3rdParty\SDL2_ttf\lib\x86\SDL2_ttf.dll
  2 File(s) copied
