  AIController.cpp
  BubbleBehaviour.cpp
  BubbleBobbleGame.cpp
  BubbleDragon.cpp
  BubbleDragonState.cpp
  Button.cpp
  Character.cpp
  EnemyBehaviour.cpp
  EnemyState.cpp
  FileManager.cpp
  Health.cpp
  HUD.cpp
  ItemBehaviour.cpp
  LevelBehaviour.cpp
  Main.cpp
  MaitaBehaviour.cpp
  MenuController.cpp
  PlayerController.cpp
  PlayerState.cpp
  ZenChanBehaviour.cpp
     Creating library D:\Silke\DAE\Semester2\DivineEngine\Win32\Release\BubbleBobble.lib and object D:\Silke\DAE\Semester2\DivineEngine\Win32\Release\BubbleBobble.exp
  Generating code
  Compiler switch has changed, fall back to full compilation.
  All 3875 functions were compiled because no usable IPDB/IOBJ from previous compilation was found.
  Finished generating code
  BubbleBobble.vcxproj -> D:\Silke\DAE\Semester2\DivineEngine\Win32\Release\BubbleBobble.exe
  D:\Silke\DAE\Semester2\DivineEngine\3rdParty\SDL2\lib\x86\SDL2.dll
  1 File(s) copied
  D:\Silke\DAE\Semester2\DivineEngine\3rdParty\SDL2_image\lib\x86\libjpeg-9.dll
  D:\Silke\DAE\Semester2\DivineEngine\3rdParty\SDL2_image\lib\x86\libpng16-16.dll
  D:\Silke\DAE\Semester2\DivineEngine\3rdParty\SDL2_image\lib\x86\libtiff-5.dll
  D:\Silke\DAE\Semester2\DivineEngine\3rdParty\SDL2_image\lib\x86\libwebp-7.dll
  D:\Silke\DAE\Semester2\DivineEngine\3rdParty\SDL2_image\lib\x86\SDL2_image.dll
  D:\Silke\DAE\Semester2\DivineEngine\3rdParty\SDL2_image\lib\x86\zlib1.dll
  6 File(s) copied
  D:\Silke\DAE\Semester2\DivineEngine\3rdParty\SDL2_ttf\lib\x86\libfreetype-6.dll
  D:\Silke\DAE\Semester2\DivineEngine\3rdParty\SDL2_ttf\lib\x86\SDL2_ttf.dll
  2 File(s) copied
  D:\Silke\DAE\Semester2\DivineEngine\3rdParty\Fmod\lib\x86\fmod.dll
  D:\Silke\DAE\Semester2\DivineEngine\3rdParty\Fmod\lib\x86\fmodL.dll
  2 File(s) copied
