d:\silke\dae\semester2\divineengine\minigin\win32\debug\minigin.pdb
d:\silke\dae\semester2\divineengine\minigin\win32\debug\minigin.idb
d:\silke\dae\semester2\divineengine\minigin\win32\debug\imgui_widgets.obj
d:\silke\dae\semester2\divineengine\minigin\win32\debug\imgui_sdl.obj
d:\silke\dae\semester2\divineengine\minigin\win32\debug\imgui_draw.obj
d:\silke\dae\semester2\divineengine\minigin\win32\debug\imgui_demo.obj
d:\silke\dae\semester2\divineengine\minigin\win32\debug\imgui.obj
d:\silke\dae\semester2\divineengine\minigin\win32\debug\soundmanager.obj
d:\silke\dae\semester2\divineengine\minigin\win32\debug\minigin.obj
d:\silke\dae\semester2\divineengine\minigin\win32\debug\spritecomponent.obj
d:\silke\dae\semester2\divineengine\minigin\win32\debug\resourcemanager.obj
d:\silke\dae\semester2\divineengine\minigin\win32\debug\rendercomponent.obj
d:\silke\dae\semester2\divineengine\minigin\win32\debug\gameobject.obj
d:\silke\dae\semester2\divineengine\minigin\win32\debug\debug.obj
d:\silke\dae\semester2\divineengine\minigin\win32\debug\textobject.obj
d:\silke\dae\semester2\divineengine\minigin\win32\debug\textcomponent.obj
d:\silke\dae\semester2\divineengine\minigin\win32\debug\scene.obj
d:\silke\dae\semester2\divineengine\minigin\win32\debug\rigidbodycomponent.obj
d:\silke\dae\semester2\divineengine\minigin\win32\debug\inputmanager.obj
d:\silke\dae\semester2\divineengine\minigin\win32\debug\fpscomponent.obj
d:\silke\dae\semester2\divineengine\minigin\win32\debug\command.obj
d:\silke\dae\semester2\divineengine\minigin\win32\debug\collidercomponent.obj
d:\silke\dae\semester2\divineengine\minigin\win32\debug\circlecollidercomponent.obj
d:\silke\dae\semester2\divineengine\minigin\win32\debug\boxcollidercomponent.obj
d:\silke\dae\semester2\divineengine\minigin\win32\debug\basecomponent.obj
d:\silke\dae\semester2\divineengine\minigin\win32\debug\minigin.pch
d:\silke\dae\semester2\divineengine\minigin\win32\debug\miniginpch.obj
d:\silke\dae\semester2\divineengine\minigin\win32\debug\renderer.obj
d:\silke\dae\semester2\divineengine\minigin\win32\debug\platformcollidercomponent.obj
d:\silke\dae\semester2\divineengine\minigin\win32\debug\inputcomponent.obj
d:\silke\dae\semester2\divineengine\minigin\win32\debug\game.obj
d:\silke\dae\semester2\divineengine\minigin\win32\debug\font.obj
d:\silke\dae\semester2\divineengine\minigin\win32\debug\debugrenderer.obj
d:\silke\dae\semester2\divineengine\minigin\win32\debug\controllercomponent.obj
d:\silke\dae\semester2\divineengine\minigin\win32\debug\transformcomponent.obj
d:\silke\dae\semester2\divineengine\minigin\win32\debug\time.obj
d:\silke\dae\semester2\divineengine\minigin\win32\debug\texture2d.obj
d:\silke\dae\semester2\divineengine\minigin\win32\debug\scenemanager.obj
d:\silke\dae\semester2\divineengine\minigin\win32\debug\servicelocator.obj
d:\silke\dae\semester2\divineengine\minigin\win32\debug\timer.obj
d:\silke\dae\semester2\divineengine\win32\debug\minigin.lib
d:\silke\dae\semester2\divineengine\win32\debug\minigin.pdb
d:\silke\dae\semester2\divineengine\minigin\win32\debug\minigin.tlog\cl.command.1.tlog
d:\silke\dae\semester2\divineengine\minigin\win32\debug\minigin.tlog\cl.read.1.tlog
d:\silke\dae\semester2\divineengine\minigin\win32\debug\minigin.tlog\cl.write.1.tlog
d:\silke\dae\semester2\divineengine\minigin\win32\debug\minigin.tlog\lib-link.read.1.tlog
d:\silke\dae\semester2\divineengine\minigin\win32\debug\minigin.tlog\lib-link.write.1.tlog
d:\silke\dae\semester2\divineengine\minigin\win32\debug\minigin.tlog\lib.command.1.tlog
